-------------------------------------------------------------------------------
Test set: cst8218.pate0968.heartbeat.entity.AppUserTest
-------------------------------------------------------------------------------
Tests run: 11, Failures: 10, Errors: 0, Skipped: 0, Time elapsed: 0.051 sec <<< FAILURE!
cst8218.pate0968.heartbeat.entity.AppUserTest.testSetId()  Time elapsed: 0.003 sec  <<< FAILURE!
org.opentest4j.AssertionFailedError: The test case is a prototype.
	at org.junit.jupiter.api.AssertionUtils.fail(AssertionUtils.java:39)
	at org.junit.jupiter.api.Assertions.fail(Assertions.java:109)
	at cst8218.pate0968.heartbeat.entity.AppUserTest.testSetId(AppUserTest.java:65)

cst8218.pate0968.heartbeat.entity.AppUserTest.testSetUserId()  Time elapsed: 0 sec  <<< FAILURE!
org.opentest4j.AssertionFailedError: The test case is a prototype.
	at org.junit.jupiter.api.AssertionUtils.fail(AssertionUtils.java:39)
	at org.junit.jupiter.api.Assertions.fail(Assertions.java:109)
	at cst8218.pate0968.heartbeat.entity.AppUserTest.testSetUserId(AppUserTest.java:92)

cst8218.pate0968.heartbeat.entity.AppUserTest.testGetPassword()  Time elapsed: 0 sec  <<< FAILURE!
org.opentest4j.AssertionFailedError: The test case is a prototype.
	at org.junit.jupiter.api.AssertionUtils.fail(AssertionUtils.java:39)
	at org.junit.jupiter.api.Assertions.fail(Assertions.java:109)
	at cst8218.pate0968.heartbeat.entity.AppUserTest.testGetPassword(AppUserTest.java:106)

cst8218.pate0968.heartbeat.entity.AppUserTest.testSetGroupName()  Time elapsed: 0.001 sec  <<< FAILURE!
org.opentest4j.AssertionFailedError: The test case is a prototype.
	at org.junit.jupiter.api.AssertionUtils.fail(AssertionUtils.java:39)
	at org.junit.jupiter.api.Assertions.fail(Assertions.java:109)
	at cst8218.pate0968.heartbeat.entity.AppUserTest.testSetGroupName(AppUserTest.java:146)

cst8218.pate0968.heartbeat.entity.AppUserTest.testEquals()  Time elapsed: 0 sec  <<< FAILURE!
org.opentest4j.AssertionFailedError: The test case is a prototype.
	at org.junit.jupiter.api.AssertionUtils.fail(AssertionUtils.java:39)
	at org.junit.jupiter.api.Assertions.fail(Assertions.java:109)
	at cst8218.pate0968.heartbeat.entity.AppUserTest.testEquals(AppUserTest.java:175)

cst8218.pate0968.heartbeat.entity.AppUserTest.testHashCode()  Time elapsed: 0 sec  <<< FAILURE!
org.opentest4j.AssertionFailedError: The test case is a prototype.
	at org.junit.jupiter.api.AssertionUtils.fail(AssertionUtils.java:39)
	at org.junit.jupiter.api.Assertions.fail(Assertions.java:109)
	at cst8218.pate0968.heartbeat.entity.AppUserTest.testHashCode(AppUserTest.java:160)

cst8218.pate0968.heartbeat.entity.AppUserTest.testGetUserId()  Time elapsed: 0.026 sec  <<< FAILURE!
org.opentest4j.AssertionFailedError: expected: <> but was: <null>
	at org.junit.jupiter.api.AssertionUtils.fail(AssertionUtils.java:55)
	at org.junit.jupiter.api.AssertionUtils.failNotEqual(AssertionUtils.java:62)
	at org.junit.jupiter.api.AssertEquals.assertEquals(AssertEquals.java:182)
	at org.junit.jupiter.api.AssertEquals.assertEquals(AssertEquals.java:177)
	at org.junit.jupiter.api.Assertions.assertEquals(Assertions.java:1124)
	at cst8218.pate0968.heartbeat.entity.AppUserTest.testGetUserId(AppUserTest.java:77)

cst8218.pate0968.heartbeat.entity.AppUserTest.testGetGroupName()  Time elapsed: 0.002 sec  <<< FAILURE!
org.opentest4j.AssertionFailedError: expected: <> but was: <null>
	at org.junit.jupiter.api.AssertionUtils.fail(AssertionUtils.java:55)
	at org.junit.jupiter.api.AssertionUtils.failNotEqual(AssertionUtils.java:62)
	at org.junit.jupiter.api.AssertEquals.assertEquals(AssertEquals.java:182)
	at org.junit.jupiter.api.AssertEquals.assertEquals(AssertEquals.java:177)
	at org.junit.jupiter.api.Assertions.assertEquals(Assertions.java:1124)
	at cst8218.pate0968.heartbeat.entity.AppUserTest.testGetGroupName(AppUserTest.java:131)

cst8218.pate0968.heartbeat.entity.AppUserTest.testToString()  Time elapsed: 0.001 sec  <<< FAILURE!
org.opentest4j.AssertionFailedError: expected: <> but was: <com.mycompany.appuser.entity.AppUser[ id=null ]>
	at org.junit.jupiter.api.AssertionUtils.fail(AssertionUtils.java:55)
	at org.junit.jupiter.api.AssertionUtils.failNotEqual(AssertionUtils.java:62)
	at org.junit.jupiter.api.AssertEquals.assertEquals(AssertEquals.java:182)
	at org.junit.jupiter.api.AssertEquals.assertEquals(AssertEquals.java:177)
	at org.junit.jupiter.api.Assertions.assertEquals(Assertions.java:1124)
	at cst8218.pate0968.heartbeat.entity.AppUserTest.testToString(AppUserTest.java:187)

cst8218.pate0968.heartbeat.entity.AppUserTest.testSetPassword()  Time elapsed: 0 sec  <<< FAILURE!
org.opentest4j.AssertionFailedError: The test case is a prototype.
	at org.junit.jupiter.api.AssertionUtils.fail(AssertionUtils.java:39)
	at org.junit.jupiter.api.Assertions.fail(Assertions.java:109)
	at cst8218.pate0968.heartbeat.entity.AppUserTest.testSetPassword(AppUserTest.java:119)

