<?xml version="1.0" encoding="UTF-8" ?>
<testsuite tests="11" failures="10" name="cst8218.pate0968.heartbeat.entity.AppUserTest" time="0.045" errors="0" skipped="0">
  <properties>
[...]
</properties>
  <testcase classname="cst8218.pate0968.heartbeat.entity.AppUserTest" name="cst8218.pate0968.heartbeat.entity.AppUserTest.testGetId" time="0.012"/>
  <testcase classname="cst8218.pate0968.heartbeat.entity.AppUserTest" name="cst8218.pate0968.heartbeat.entity.AppUserTest.testSetId" time="0.003">
    <failure message="The test case is a prototype." type="org.opentest4j.AssertionFailedError">org.opentest4j.AssertionFailedError: The test case is a prototype.
	at org.junit.jupiter.api.AssertionUtils.fail(AssertionUtils.java:39)
	at org.junit.jupiter.api.Assertions.fail(Assertions.java:109)
	at cst8218.pate0968.heartbeat.entity.AppUserTest.testSetId(AppUserTest.java:65)
</failure>
    <system-out>setId
</system-out>
  </testcase>
  <testcase classname="cst8218.pate0968.heartbeat.entity.AppUserTest" name="cst8218.pate0968.heartbeat.entity.AppUserTest.testSetUserId" time="0">
    <failure message="The test case is a prototype." type="org.opentest4j.AssertionFailedError">org.opentest4j.AssertionFailedError: The test case is a prototype.
	at org.junit.jupiter.api.AssertionUtils.fail(AssertionUtils.java:39)
	at org.junit.jupiter.api.Assertions.fail(Assertions.java:109)
	at cst8218.pate0968.heartbeat.entity.AppUserTest.testSetUserId(AppUserTest.java:92)
</failure>
    <system-out>setUserId
</system-out>
  </testcase>
  <testcase classname="cst8218.pate0968.heartbeat.entity.AppUserTest" name="cst8218.pate0968.heartbeat.entity.AppUserTest.testGetPassword" time="0">
    <failure message="The test case is a prototype." type="org.opentest4j.AssertionFailedError">org.opentest4j.AssertionFailedError: The test case is a prototype.
	at org.junit.jupiter.api.AssertionUtils.fail(AssertionUtils.java:39)
	at org.junit.jupiter.api.Assertions.fail(Assertions.java:109)
	at cst8218.pate0968.heartbeat.entity.AppUserTest.testGetPassword(AppUserTest.java:106)
</failure>
    <system-out>getPassword
</system-out>
  </testcase>
  <testcase classname="cst8218.pate0968.heartbeat.entity.AppUserTest" name="cst8218.pate0968.heartbeat.entity.AppUserTest.testSetGroupName" time="0.001">
    <failure message="The test case is a prototype." type="org.opentest4j.AssertionFailedError">org.opentest4j.AssertionFailedError: The test case is a prototype.
	at org.junit.jupiter.api.AssertionUtils.fail(AssertionUtils.java:39)
	at org.junit.jupiter.api.Assertions.fail(Assertions.java:109)
	at cst8218.pate0968.heartbeat.entity.AppUserTest.testSetGroupName(AppUserTest.java:146)
</failure>
    <system-out>setGroupName
</system-out>
  </testcase>
  <testcase classname="cst8218.pate0968.heartbeat.entity.AppUserTest" name="cst8218.pate0968.heartbeat.entity.AppUserTest.testEquals" time="0">
    <failure message="The test case is a prototype." type="org.opentest4j.AssertionFailedError">org.opentest4j.AssertionFailedError: The test case is a prototype.
	at org.junit.jupiter.api.AssertionUtils.fail(AssertionUtils.java:39)
	at org.junit.jupiter.api.Assertions.fail(Assertions.java:109)
	at cst8218.pate0968.heartbeat.entity.AppUserTest.testEquals(AppUserTest.java:175)
</failure>
    <system-out>equals
</system-out>
  </testcase>
  <testcase classname="cst8218.pate0968.heartbeat.entity.AppUserTest" name="cst8218.pate0968.heartbeat.entity.AppUserTest.testHashCode" time="0">
    <failure message="The test case is a prototype." type="org.opentest4j.AssertionFailedError">org.opentest4j.AssertionFailedError: The test case is a prototype.
	at org.junit.jupiter.api.AssertionUtils.fail(AssertionUtils.java:39)
	at org.junit.jupiter.api.Assertions.fail(Assertions.java:109)
	at cst8218.pate0968.heartbeat.entity.AppUserTest.testHashCode(AppUserTest.java:160)
</failure>
    <system-out>hashCode
</system-out>
  </testcase>
  <testcase classname="cst8218.pate0968.heartbeat.entity.AppUserTest" name="cst8218.pate0968.heartbeat.entity.AppUserTest.testGetUserId" time="0.026">
    <failure message="expected: &lt;&gt; but was: &lt;null&gt;" type="org.opentest4j.AssertionFailedError">org.opentest4j.AssertionFailedError: expected: &lt;&gt; but was: &lt;null&gt;
	at org.junit.jupiter.api.AssertionUtils.fail(AssertionUtils.java:55)
	at org.junit.jupiter.api.AssertionUtils.failNotEqual(AssertionUtils.java:62)
	at org.junit.jupiter.api.AssertEquals.assertEquals(AssertEquals.java:182)
	at org.junit.jupiter.api.AssertEquals.assertEquals(AssertEquals.java:177)
	at org.junit.jupiter.api.Assertions.assertEquals(Assertions.java:1124)
	at cst8218.pate0968.heartbeat.entity.AppUserTest.testGetUserId(AppUserTest.java:77)
</failure>
    <system-out>getUserId
</system-out>
  </testcase>
  <testcase classname="cst8218.pate0968.heartbeat.entity.AppUserTest" name="cst8218.pate0968.heartbeat.entity.AppUserTest.testGetGroupName" time="0.002">
    <failure message="expected: &lt;&gt; but was: &lt;null&gt;" type="org.opentest4j.AssertionFailedError">org.opentest4j.AssertionFailedError: expected: &lt;&gt; but was: &lt;null&gt;
	at org.junit.jupiter.api.AssertionUtils.fail(AssertionUtils.java:55)
	at org.junit.jupiter.api.AssertionUtils.failNotEqual(AssertionUtils.java:62)
	at org.junit.jupiter.api.AssertEquals.assertEquals(AssertEquals.java:182)
	at org.junit.jupiter.api.AssertEquals.assertEquals(AssertEquals.java:177)
	at org.junit.jupiter.api.Assertions.assertEquals(Assertions.java:1124)
	at cst8218.pate0968.heartbeat.entity.AppUserTest.testGetGroupName(AppUserTest.java:131)
</failure>
    <system-out>getGroupName
</system-out>
  </testcase>
  <testcase classname="cst8218.pate0968.heartbeat.entity.AppUserTest" name="cst8218.pate0968.heartbeat.entity.AppUserTest.testToString" time="0.001">
    <failure message="expected: &lt;&gt; but was: &lt;com.mycompany.appuser.entity.AppUser[ id=null ]&gt;" type="org.opentest4j.AssertionFailedError">org.opentest4j.AssertionFailedError: expected: &lt;&gt; but was: &lt;com.mycompany.appuser.entity.AppUser[ id=null ]&gt;
	at org.junit.jupiter.api.AssertionUtils.fail(AssertionUtils.java:55)
	at org.junit.jupiter.api.AssertionUtils.failNotEqual(AssertionUtils.java:62)
	at org.junit.jupiter.api.AssertEquals.assertEquals(AssertEquals.java:182)
	at org.junit.jupiter.api.AssertEquals.assertEquals(AssertEquals.java:177)
	at org.junit.jupiter.api.Assertions.assertEquals(Assertions.java:1124)
	at cst8218.pate0968.heartbeat.entity.AppUserTest.testToString(AppUserTest.java:187)
</failure>
    <system-out>toString
</system-out>
  </testcase>
  <testcase classname="cst8218.pate0968.heartbeat.entity.AppUserTest" name="cst8218.pate0968.heartbeat.entity.AppUserTest.testSetPassword" time="0">
    <failure message="The test case is a prototype." type="org.opentest4j.AssertionFailedError">org.opentest4j.AssertionFailedError: The test case is a prototype.
	at org.junit.jupiter.api.AssertionUtils.fail(AssertionUtils.java:39)
	at org.junit.jupiter.api.Assertions.fail(Assertions.java:109)
	at cst8218.pate0968.heartbeat.entity.AppUserTest.testSetPassword(AppUserTest.java:119)
</failure>
    <system-out>setPassword
</system-out>
  </testcase>
</testsuite>